<?xml version="1.0" encoding="UTF-8"?>
<testsuite name="hello.core.member.MemberServiceTest" tests="1" skipped="0" failures="0" errors="0" timestamp="2024-07-25T14:17:11" hostname="DESKTOP-1BRN7TQ" time="0.238">
  <properties/>
  <testcase name="join()" classname="hello.core.member.MemberServiceTest" time="0.238"/>
  <system-out><![CDATA[]]></system-out>
  <system-err><![CDATA[]]></system-err>
</testsuite>
